Build started 11/5/2015 11:54:22 PM.
     1>Project "C:\Users\User1\Documents\Visual Studio 2015\Projects\PasswordGen\PasswordGen\PasswordGen.vcxproj" on node 2 (Build target(s)).
     1>ClCompile:
         C:\Program Files (x86)\Microsoft Visual Studio 14.0\VC\bin\CL.exe /c /Zi /nologo /W3 /WX- /sdl /O2 /Oi /Oy- /GL /D _MBCS /Gm- /EHsc /MD /GS /Gy /fp:precise /Zc:wchar_t /Zc:forScope /Zc:inline /Fo"Release\\" /Fd"Release\vc140.pdb" /Gd /TP /analyze- /errorReport:prompt Source.cpp
         Source.cpp
     1>Source.cpp(76): warning C4244: 'argument': conversion from 'time_t' to 'unsigned int', possible loss of data
     1>Source.cpp(103): warning C4244: 'argument': conversion from 'time_t' to 'unsigned int', possible loss of data
     1>Source.cpp(130): warning C4244: 'argument': conversion from 'time_t' to 'unsigned int', possible loss of data
     1>Source.cpp(157): warning C4244: 'argument': conversion from 'time_t' to 'unsigned int', possible loss of data
     1>Source.cpp(184): warning C4244: 'argument': conversion from 'time_t' to 'unsigned int', possible loss of data
     1>Source.cpp(211): warning C4244: 'argument': conversion from 'time_t' to 'unsigned int', possible loss of data
       Link:
         C:\Program Files (x86)\Microsoft Visual Studio 14.0\VC\bin\link.exe /ERRORREPORT:PROMPT /OUT:"C:\Users\User1\Documents\Visual Studio 2015\Projects\PasswordGen\Release\PasswordGen.exe" /NOLOGO kernel32.lib user32.lib gdi32.lib winspool.lib comdlg32.lib advapi32.lib shell32.lib ole32.lib oleaut32.lib uuid.lib odbc32.lib odbccp32.lib /MANIFEST /MANIFESTUAC:"level='asInvoker' uiAccess='false'" /manifest:embed /Debug /PDB:"C:\Users\User1\Documents\Visual Studio 2015\Projects\PasswordGen\Release\PasswordGen.pdb" /OPT:REF /OPT:ICF /LTCG:incremental /TLBID:1 /DYNAMICBASE /NXCOMPAT /IMPLIB:"C:\Users\User1\Documents\Visual Studio 2015\Projects\PasswordGen\Release\PasswordGen.lib" /MACHINE:X86 /SAFESEH Release\Source.obj
         Generating code
         2 of 83 functions ( 2.4%) were compiled, the rest were copied from previous compilation.
           0 functions were new in current compilation
           1 functions had inline decision re-evaluated but remain unchanged
         Finished generating code
         PasswordGen.vcxproj -> C:\Users\User1\Documents\Visual Studio 2015\Projects\PasswordGen\Release\PasswordGen.exe
     1>Done Building Project "C:\Users\User1\Documents\Visual Studio 2015\Projects\PasswordGen\PasswordGen\PasswordGen.vcxproj" (Build target(s)).

Build succeeded.

Time Elapsed 00:00:02.26
